Command: vlogan -work work -sverilog +v2k -full64 -l compile.log +define+SIM -f ./filelist.f \

                         Chronologic VCS (TM)
       Version O-2018.09-SP2_Full64 -- Sun Jun 11 21:25:06 2023
               Copyright (c) 1991-2018 by Synopsys Inc.
                         ALL RIGHTS RESERVED

This program is proprietary and confidential information of Synopsys Inc.
and may be used and disclosed only as authorized in a license agreement
controlling such use and disclosure.

Parsing design file './code/N25Qxxx.v'
Parsing included file './include/UserData.h'.
Back to file './code/N25Qxxx.v'.
Parsing included file './include/DevParam.h'.
Parsing included file './include/UserData.h'.
Back to file './include/DevParam.h'.
Parsing included file './include/TimingData.h'.
Back to file './include/DevParam.h'.
Back to file './code/N25Qxxx.v'.
Parsing included file './include/DevParam.h'.
Parsing included file './include/UserData.h'.
Back to file './include/DevParam.h'.
Parsing included file './include/TimingData.h'.
Back to file './include/DevParam.h'.
Back to file './code/N25Qxxx.v'.
Parsing included file './include/Decoders.h'.
Parsing included file './include/UserData.h'.
Back to file './include/Decoders.h'.
Back to file './code/N25Qxxx.v'.
Parsing included file './include/PLRSDetectors.h'.
Back to file './code/N25Qxxx.v'.
Parsing included file './include/DevParam.h'.
Parsing included file './include/UserData.h'.
Back to file './include/DevParam.h'.
Parsing included file './include/TimingData.h'.
Back to file './include/DevParam.h'.
Back to file './code/N25Qxxx.v'.
Parsing included file './include/DevParam.h'.
Parsing included file './include/UserData.h'.
Back to file './include/DevParam.h'.
Parsing included file './include/TimingData.h'.
Back to file './include/DevParam.h'.
Back to file './code/N25Qxxx.v'.
Parsing included file './include/DevParam.h'.
Parsing included file './include/UserData.h'.
Back to file './include/DevParam.h'.
Parsing included file './include/TimingData.h'.
Back to file './include/DevParam.h'.
Back to file './code/N25Qxxx.v'.
Parsing included file './include/DevParam.h'.
Parsing included file './include/UserData.h'.
Back to file './include/DevParam.h'.
Parsing included file './include/TimingData.h'.
Back to file './include/DevParam.h'.
Back to file './code/N25Qxxx.v'.
Parsing included file './include/DevParam.h'.
Parsing included file './include/UserData.h'.
Back to file './include/DevParam.h'.
Parsing included file './include/TimingData.h'.
Back to file './include/DevParam.h'.
Back to file './code/N25Qxxx.v'.
Parsing included file './include/UserData.h'.
Back to file './code/N25Qxxx.v'.
Parsing included file './include/DevParam.h'.
Parsing included file './include/UserData.h'.
Back to file './include/DevParam.h'.
Parsing included file './include/TimingData.h'.
Back to file './include/DevParam.h'.
Back to file './code/N25Qxxx.v'.
Parsing included file './include/DevParam.h'.
Parsing included file './include/UserData.h'.
Back to file './include/DevParam.h'.
Parsing included file './include/TimingData.h'.
Back to file './include/DevParam.h'.
Back to file './code/N25Qxxx.v'.
Parsing included file './include/DevParam.h'.
Parsing included file './include/UserData.h'.
Back to file './include/DevParam.h'.
Parsing included file './include/TimingData.h'.
Back to file './include/DevParam.h'.
Back to file './code/N25Qxxx.v'.
Parsing included file './include/DevParam.h'.
Parsing included file './include/UserData.h'.
Back to file './include/DevParam.h'.
Parsing included file './include/TimingData.h'.
Back to file './include/DevParam.h'.
Back to file './code/N25Qxxx.v'.
Parsing included file './include/DevParam.h'.
Parsing included file './include/UserData.h'.
Back to file './include/DevParam.h'.
Parsing included file './include/TimingData.h'.
Back to file './include/DevParam.h'.
Back to file './code/N25Qxxx.v'.
Parsing included file './include/DevParam.h'.
Parsing included file './include/UserData.h'.
Back to file './include/DevParam.h'.
Parsing included file './include/TimingData.h'.
Back to file './include/DevParam.h'.
Back to file './code/N25Qxxx.v'.
Parsing included file './include/DevParam.h'.
Parsing included file './include/UserData.h'.
Back to file './include/DevParam.h'.
Parsing included file './include/TimingData.h'.
Back to file './include/DevParam.h'.
Back to file './code/N25Qxxx.v'.
Parsing included file './include/DevParam.h'.
Parsing included file './include/UserData.h'.
Back to file './include/DevParam.h'.
Parsing included file './include/TimingData.h'.
Back to file './include/DevParam.h'.
Back to file './code/N25Qxxx.v'.
Parsing included file './include/DevParam.h'.
Parsing included file './include/UserData.h'.
Back to file './include/DevParam.h'.
Parsing included file './include/TimingData.h'.
Back to file './include/DevParam.h'.
Back to file './code/N25Qxxx.v'.
Parsing included file './include/DevParam.h'.
Parsing included file './include/UserData.h'.
Back to file './include/DevParam.h'.
Parsing included file './include/TimingData.h'.
Back to file './include/DevParam.h'.
Back to file './code/N25Qxxx.v'.
Parsing included file './include/DevParam.h'.
Parsing included file './include/UserData.h'.
Back to file './include/DevParam.h'.
Parsing included file './include/TimingData.h'.
Back to file './include/DevParam.h'.
Back to file './code/N25Qxxx.v'.
Parsing included file './include/DevParam.h'.
Parsing included file './include/UserData.h'.
Back to file './include/DevParam.h'.
Parsing included file './include/TimingData.h'.
Back to file './include/DevParam.h'.
Back to file './code/N25Qxxx.v'.
Parsing included file './include/UserData.h'.
Back to file './code/N25Qxxx.v'.
Parsing included file './include/DevParam.h'.
Parsing included file './include/UserData.h'.
Back to file './include/DevParam.h'.
Parsing included file './include/TimingData.h'.
Back to file './include/DevParam.h'.
Back to file './code/N25Qxxx.v'.
Parsing included file './include/DevParam.h'.
Parsing included file './include/UserData.h'.
Back to file './include/DevParam.h'.
Parsing included file './include/TimingData.h'.
Back to file './include/DevParam.h'.
Back to file './code/N25Qxxx.v'.
Parsing included file './include/UserData.h'.
Back to file './code/N25Qxxx.v'.
Parsing included file './include/DevParam.h'.
Parsing included file './include/UserData.h'.
Back to file './include/DevParam.h'.
Parsing included file './include/TimingData.h'.
Back to file './include/DevParam.h'.
Back to file './code/N25Qxxx.v'.
Parsing included file './include/DevParam.h'.
Parsing included file './include/UserData.h'.
Back to file './include/DevParam.h'.
Parsing included file './include/TimingData.h'.
Back to file './include/DevParam.h'.
Back to file './code/N25Qxxx.v'.
Parsing included file './include/DevParam.h'.
Parsing included file './include/UserData.h'.
Back to file './include/DevParam.h'.
Parsing included file './include/TimingData.h'.
Back to file './include/DevParam.h'.
Back to file './code/N25Qxxx.v'.
Parsing included file './include/DevParam.h'.
Parsing included file './include/UserData.h'.
Back to file './include/DevParam.h'.
Parsing included file './include/TimingData.h'.
Back to file './include/DevParam.h'.
Back to file './code/N25Qxxx.v'.
Parsing design file './stim/archive/read.v'
Parsing included file './top/StimGen_interface.h'.
Parsing included file './include/UserData.h'.
Back to file './top/StimGen_interface.h'.
Parsing included file './include/DevParam.h'.
Parsing included file './include/UserData.h'.
Back to file './include/DevParam.h'.
Parsing included file './include/TimingData.h'.
Back to file './include/DevParam.h'.
Back to file './top/StimGen_interface.h'.
Parsing included file './include/DevParam.h'.
Parsing included file './include/UserData.h'.
Back to file './include/DevParam.h'.
Parsing included file './include/TimingData.h'.
Back to file './include/DevParam.h'.
Back to file './top/StimGen_interface.h'.
Parsing included file './include/UserData.h'.
Back to file './top/StimGen_interface.h'.
Back to file './stim/archive/read.v'.
Parsing design file './top/ClockGenerator.v'
Parsing included file 'include/UserData.h'.
Back to file './top/ClockGenerator.v'.
Parsing included file 'include/DevParam.h'.
Parsing included file './include/UserData.h'.
Back to file 'include/DevParam.h'.
Parsing included file './include/TimingData.h'.
Back to file 'include/DevParam.h'.
Back to file './top/ClockGenerator.v'.
Parsing design file './top/StimTasks.v'
Parsing included file 'include/UserData.h'.
Back to file './top/StimTasks.v'.
Parsing included file 'include/DevParam.h'.
Parsing included file './include/UserData.h'.
Back to file 'include/DevParam.h'.
Parsing included file './include/TimingData.h'.
Back to file 'include/DevParam.h'.
Back to file './top/StimTasks.v'.
Parsing included file 'include/DevParam.h'.
Parsing included file './include/UserData.h'.
Back to file 'include/DevParam.h'.
Parsing included file './include/TimingData.h'.
Back to file 'include/DevParam.h'.
Back to file './top/StimTasks.v'.
Parsing design file './top/Testbench.v'
Parsing included file 'include/UserData.h'.
Back to file './top/Testbench.v'.
Parsing included file 'include/DevParam.h'.
Parsing included file './include/UserData.h'.
Back to file 'include/DevParam.h'.
Parsing included file './include/TimingData.h'.
Back to file 'include/DevParam.h'.
Back to file './top/Testbench.v'.
CPU time: .280 seconds to compile
