Command: vlogan -work work -sverilog +v2k -full64 -l compile.log +define+SIM -f sim_filelist.f \

                         Chronologic VCS (TM)
       Version O-2018.09-SP2_Full64 -- Sun Jul  2 16:11:15 2023
               Copyright (c) 1991-2018 by Synopsys Inc.
                         ALL RIGHTS RESERVED

This program is proprietary and confidential information of Synopsys Inc.
and may be used and disclosed only as authorized in a license agreement
controlling such use and disclosure.

Parsing design file './../rtl/./asyn_fifo.sv'
Parsing design file './../rtl/./qspi_ctrl.sv'
Parsing design file './../rtl/./qspi_ctrl_top.sv'
Parsing design file './../sim_model/flash/MT25QL128ABA1E0_VG13/code/N25Qxxx.v'
Parsing included file './../sim_model/flash/MT25QL128ABA1E0_VG13/include/UserData.h'.
Back to file './../sim_model/flash/MT25QL128ABA1E0_VG13/code/N25Qxxx.v'.
Parsing included file './../sim_model/flash/MT25QL128ABA1E0_VG13/include/DevParam.h'.
Parsing included file './../sim_model/flash/MT25QL128ABA1E0_VG13/include/UserData.h'.
Back to file './../sim_model/flash/MT25QL128ABA1E0_VG13/include/DevParam.h'.
Parsing included file './../sim_model/flash/MT25QL128ABA1E0_VG13/include/TimingData.h'.
Back to file './../sim_model/flash/MT25QL128ABA1E0_VG13/include/DevParam.h'.
Back to file './../sim_model/flash/MT25QL128ABA1E0_VG13/code/N25Qxxx.v'.
Parsing included file './../sim_model/flash/MT25QL128ABA1E0_VG13/include/DevParam.h'.
Parsing included file './../sim_model/flash/MT25QL128ABA1E0_VG13/include/UserData.h'.
Back to file './../sim_model/flash/MT25QL128ABA1E0_VG13/include/DevParam.h'.
Parsing included file './../sim_model/flash/MT25QL128ABA1E0_VG13/include/TimingData.h'.
Back to file './../sim_model/flash/MT25QL128ABA1E0_VG13/include/DevParam.h'.
Back to file './../sim_model/flash/MT25QL128ABA1E0_VG13/code/N25Qxxx.v'.
Parsing included file './../sim_model/flash/MT25QL128ABA1E0_VG13/include/Decoders.h'.
Parsing included file './../sim_model/flash/MT25QL128ABA1E0_VG13/include/UserData.h'.
Back to file './../sim_model/flash/MT25QL128ABA1E0_VG13/include/Decoders.h'.
Back to file './../sim_model/flash/MT25QL128ABA1E0_VG13/code/N25Qxxx.v'.
Parsing included file './../sim_model/flash/MT25QL128ABA1E0_VG13/include/PLRSDetectors.h'.
Back to file './../sim_model/flash/MT25QL128ABA1E0_VG13/code/N25Qxxx.v'.
Parsing included file './../sim_model/flash/MT25QL128ABA1E0_VG13/include/DevParam.h'.
Parsing included file './../sim_model/flash/MT25QL128ABA1E0_VG13/include/UserData.h'.
Back to file './../sim_model/flash/MT25QL128ABA1E0_VG13/include/DevParam.h'.
Parsing included file './../sim_model/flash/MT25QL128ABA1E0_VG13/include/TimingData.h'.
Back to file './../sim_model/flash/MT25QL128ABA1E0_VG13/include/DevParam.h'.
Back to file './../sim_model/flash/MT25QL128ABA1E0_VG13/code/N25Qxxx.v'.
Parsing included file './../sim_model/flash/MT25QL128ABA1E0_VG13/include/DevParam.h'.
Parsing included file './../sim_model/flash/MT25QL128ABA1E0_VG13/include/UserData.h'.
Back to file './../sim_model/flash/MT25QL128ABA1E0_VG13/include/DevParam.h'.
Parsing included file './../sim_model/flash/MT25QL128ABA1E0_VG13/include/TimingData.h'.
Back to file './../sim_model/flash/MT25QL128ABA1E0_VG13/include/DevParam.h'.
Back to file './../sim_model/flash/MT25QL128ABA1E0_VG13/code/N25Qxxx.v'.
Parsing included file './../sim_model/flash/MT25QL128ABA1E0_VG13/include/DevParam.h'.
Parsing included file './../sim_model/flash/MT25QL128ABA1E0_VG13/include/UserData.h'.
Back to file './../sim_model/flash/MT25QL128ABA1E0_VG13/include/DevParam.h'.
Parsing included file './../sim_model/flash/MT25QL128ABA1E0_VG13/include/TimingData.h'.
Back to file './../sim_model/flash/MT25QL128ABA1E0_VG13/include/DevParam.h'.
Back to file './../sim_model/flash/MT25QL128ABA1E0_VG13/code/N25Qxxx.v'.
Parsing included file './../sim_model/flash/MT25QL128ABA1E0_VG13/include/DevParam.h'.
Parsing included file './../sim_model/flash/MT25QL128ABA1E0_VG13/include/UserData.h'.
Back to file './../sim_model/flash/MT25QL128ABA1E0_VG13/include/DevParam.h'.
Parsing included file './../sim_model/flash/MT25QL128ABA1E0_VG13/include/TimingData.h'.
Back to file './../sim_model/flash/MT25QL128ABA1E0_VG13/include/DevParam.h'.
Back to file './../sim_model/flash/MT25QL128ABA1E0_VG13/code/N25Qxxx.v'.
Parsing included file './../sim_model/flash/MT25QL128ABA1E0_VG13/include/DevParam.h'.
Parsing included file './../sim_model/flash/MT25QL128ABA1E0_VG13/include/UserData.h'.
Back to file './../sim_model/flash/MT25QL128ABA1E0_VG13/include/DevParam.h'.
Parsing included file './../sim_model/flash/MT25QL128ABA1E0_VG13/include/TimingData.h'.
Back to file './../sim_model/flash/MT25QL128ABA1E0_VG13/include/DevParam.h'.
Back to file './../sim_model/flash/MT25QL128ABA1E0_VG13/code/N25Qxxx.v'.
Parsing included file './../sim_model/flash/MT25QL128ABA1E0_VG13/include/UserData.h'.
Back to file './../sim_model/flash/MT25QL128ABA1E0_VG13/code/N25Qxxx.v'.
Parsing included file './../sim_model/flash/MT25QL128ABA1E0_VG13/include/DevParam.h'.
Parsing included file './../sim_model/flash/MT25QL128ABA1E0_VG13/include/UserData.h'.
Back to file './../sim_model/flash/MT25QL128ABA1E0_VG13/include/DevParam.h'.
Parsing included file './../sim_model/flash/MT25QL128ABA1E0_VG13/include/TimingData.h'.
Back to file './../sim_model/flash/MT25QL128ABA1E0_VG13/include/DevParam.h'.
Back to file './../sim_model/flash/MT25QL128ABA1E0_VG13/code/N25Qxxx.v'.
Parsing included file './../sim_model/flash/MT25QL128ABA1E0_VG13/include/DevParam.h'.
Parsing included file './../sim_model/flash/MT25QL128ABA1E0_VG13/include/UserData.h'.
Back to file './../sim_model/flash/MT25QL128ABA1E0_VG13/include/DevParam.h'.
Parsing included file './../sim_model/flash/MT25QL128ABA1E0_VG13/include/TimingData.h'.
Back to file './../sim_model/flash/MT25QL128ABA1E0_VG13/include/DevParam.h'.
Back to file './../sim_model/flash/MT25QL128ABA1E0_VG13/code/N25Qxxx.v'.
Parsing included file './../sim_model/flash/MT25QL128ABA1E0_VG13/include/DevParam.h'.
Parsing included file './../sim_model/flash/MT25QL128ABA1E0_VG13/include/UserData.h'.
Back to file './../sim_model/flash/MT25QL128ABA1E0_VG13/include/DevParam.h'.
Parsing included file './../sim_model/flash/MT25QL128ABA1E0_VG13/include/TimingData.h'.
Back to file './../sim_model/flash/MT25QL128ABA1E0_VG13/include/DevParam.h'.
Back to file './../sim_model/flash/MT25QL128ABA1E0_VG13/code/N25Qxxx.v'.
Parsing included file './../sim_model/flash/MT25QL128ABA1E0_VG13/include/DevParam.h'.
Parsing included file './../sim_model/flash/MT25QL128ABA1E0_VG13/include/UserData.h'.
Back to file './../sim_model/flash/MT25QL128ABA1E0_VG13/include/DevParam.h'.
Parsing included file './../sim_model/flash/MT25QL128ABA1E0_VG13/include/TimingData.h'.
Back to file './../sim_model/flash/MT25QL128ABA1E0_VG13/include/DevParam.h'.
Back to file './../sim_model/flash/MT25QL128ABA1E0_VG13/code/N25Qxxx.v'.
Parsing included file './../sim_model/flash/MT25QL128ABA1E0_VG13/include/DevParam.h'.
Parsing included file './../sim_model/flash/MT25QL128ABA1E0_VG13/include/UserData.h'.
Back to file './../sim_model/flash/MT25QL128ABA1E0_VG13/include/DevParam.h'.
Parsing included file './../sim_model/flash/MT25QL128ABA1E0_VG13/include/TimingData.h'.
Back to file './../sim_model/flash/MT25QL128ABA1E0_VG13/include/DevParam.h'.
Back to file './../sim_model/flash/MT25QL128ABA1E0_VG13/code/N25Qxxx.v'.
Parsing included file './../sim_model/flash/MT25QL128ABA1E0_VG13/include/DevParam.h'.
Parsing included file './../sim_model/flash/MT25QL128ABA1E0_VG13/include/UserData.h'.
Back to file './../sim_model/flash/MT25QL128ABA1E0_VG13/include/DevParam.h'.
Parsing included file './../sim_model/flash/MT25QL128ABA1E0_VG13/include/TimingData.h'.
Back to file './../sim_model/flash/MT25QL128ABA1E0_VG13/include/DevParam.h'.
Back to file './../sim_model/flash/MT25QL128ABA1E0_VG13/code/N25Qxxx.v'.
Parsing included file './../sim_model/flash/MT25QL128ABA1E0_VG13/include/DevParam.h'.
Parsing included file './../sim_model/flash/MT25QL128ABA1E0_VG13/include/UserData.h'.
Back to file './../sim_model/flash/MT25QL128ABA1E0_VG13/include/DevParam.h'.
Parsing included file './../sim_model/flash/MT25QL128ABA1E0_VG13/include/TimingData.h'.
Back to file './../sim_model/flash/MT25QL128ABA1E0_VG13/include/DevParam.h'.
Back to file './../sim_model/flash/MT25QL128ABA1E0_VG13/code/N25Qxxx.v'.
Parsing included file './../sim_model/flash/MT25QL128ABA1E0_VG13/include/DevParam.h'.
Parsing included file './../sim_model/flash/MT25QL128ABA1E0_VG13/include/UserData.h'.
Back to file './../sim_model/flash/MT25QL128ABA1E0_VG13/include/DevParam.h'.
Parsing included file './../sim_model/flash/MT25QL128ABA1E0_VG13/include/TimingData.h'.
Back to file './../sim_model/flash/MT25QL128ABA1E0_VG13/include/DevParam.h'.
Back to file './../sim_model/flash/MT25QL128ABA1E0_VG13/code/N25Qxxx.v'.
Parsing included file './../sim_model/flash/MT25QL128ABA1E0_VG13/include/DevParam.h'.
Parsing included file './../sim_model/flash/MT25QL128ABA1E0_VG13/include/UserData.h'.
Back to file './../sim_model/flash/MT25QL128ABA1E0_VG13/include/DevParam.h'.
Parsing included file './../sim_model/flash/MT25QL128ABA1E0_VG13/include/TimingData.h'.
Back to file './../sim_model/flash/MT25QL128ABA1E0_VG13/include/DevParam.h'.
Back to file './../sim_model/flash/MT25QL128ABA1E0_VG13/code/N25Qxxx.v'.
Parsing included file './../sim_model/flash/MT25QL128ABA1E0_VG13/include/DevParam.h'.
Parsing included file './../sim_model/flash/MT25QL128ABA1E0_VG13/include/UserData.h'.
Back to file './../sim_model/flash/MT25QL128ABA1E0_VG13/include/DevParam.h'.
Parsing included file './../sim_model/flash/MT25QL128ABA1E0_VG13/include/TimingData.h'.
Back to file './../sim_model/flash/MT25QL128ABA1E0_VG13/include/DevParam.h'.
Back to file './../sim_model/flash/MT25QL128ABA1E0_VG13/code/N25Qxxx.v'.
Parsing included file './../sim_model/flash/MT25QL128ABA1E0_VG13/include/DevParam.h'.
Parsing included file './../sim_model/flash/MT25QL128ABA1E0_VG13/include/UserData.h'.
Back to file './../sim_model/flash/MT25QL128ABA1E0_VG13/include/DevParam.h'.
Parsing included file './../sim_model/flash/MT25QL128ABA1E0_VG13/include/TimingData.h'.
Back to file './../sim_model/flash/MT25QL128ABA1E0_VG13/include/DevParam.h'.
Back to file './../sim_model/flash/MT25QL128ABA1E0_VG13/code/N25Qxxx.v'.
Parsing included file './../sim_model/flash/MT25QL128ABA1E0_VG13/include/DevParam.h'.
Parsing included file './../sim_model/flash/MT25QL128ABA1E0_VG13/include/UserData.h'.
Back to file './../sim_model/flash/MT25QL128ABA1E0_VG13/include/DevParam.h'.
Parsing included file './../sim_model/flash/MT25QL128ABA1E0_VG13/include/TimingData.h'.
Back to file './../sim_model/flash/MT25QL128ABA1E0_VG13/include/DevParam.h'.
Back to file './../sim_model/flash/MT25QL128ABA1E0_VG13/code/N25Qxxx.v'.
Parsing included file './../sim_model/flash/MT25QL128ABA1E0_VG13/include/UserData.h'.
Back to file './../sim_model/flash/MT25QL128ABA1E0_VG13/code/N25Qxxx.v'.
Parsing included file './../sim_model/flash/MT25QL128ABA1E0_VG13/include/DevParam.h'.
Parsing included file './../sim_model/flash/MT25QL128ABA1E0_VG13/include/UserData.h'.
Back to file './../sim_model/flash/MT25QL128ABA1E0_VG13/include/DevParam.h'.
Parsing included file './../sim_model/flash/MT25QL128ABA1E0_VG13/include/TimingData.h'.
Back to file './../sim_model/flash/MT25QL128ABA1E0_VG13/include/DevParam.h'.
Back to file './../sim_model/flash/MT25QL128ABA1E0_VG13/code/N25Qxxx.v'.
Parsing included file './../sim_model/flash/MT25QL128ABA1E0_VG13/include/DevParam.h'.
Parsing included file './../sim_model/flash/MT25QL128ABA1E0_VG13/include/UserData.h'.
Back to file './../sim_model/flash/MT25QL128ABA1E0_VG13/include/DevParam.h'.
Parsing included file './../sim_model/flash/MT25QL128ABA1E0_VG13/include/TimingData.h'.
Back to file './../sim_model/flash/MT25QL128ABA1E0_VG13/include/DevParam.h'.
Back to file './../sim_model/flash/MT25QL128ABA1E0_VG13/code/N25Qxxx.v'.
Parsing included file './../sim_model/flash/MT25QL128ABA1E0_VG13/include/UserData.h'.
Back to file './../sim_model/flash/MT25QL128ABA1E0_VG13/code/N25Qxxx.v'.
Parsing included file './../sim_model/flash/MT25QL128ABA1E0_VG13/include/DevParam.h'.
Parsing included file './../sim_model/flash/MT25QL128ABA1E0_VG13/include/UserData.h'.
Back to file './../sim_model/flash/MT25QL128ABA1E0_VG13/include/DevParam.h'.
Parsing included file './../sim_model/flash/MT25QL128ABA1E0_VG13/include/TimingData.h'.
Back to file './../sim_model/flash/MT25QL128ABA1E0_VG13/include/DevParam.h'.
Back to file './../sim_model/flash/MT25QL128ABA1E0_VG13/code/N25Qxxx.v'.
Parsing included file './../sim_model/flash/MT25QL128ABA1E0_VG13/include/DevParam.h'.
Parsing included file './../sim_model/flash/MT25QL128ABA1E0_VG13/include/UserData.h'.
Back to file './../sim_model/flash/MT25QL128ABA1E0_VG13/include/DevParam.h'.
Parsing included file './../sim_model/flash/MT25QL128ABA1E0_VG13/include/TimingData.h'.
Back to file './../sim_model/flash/MT25QL128ABA1E0_VG13/include/DevParam.h'.
Back to file './../sim_model/flash/MT25QL128ABA1E0_VG13/code/N25Qxxx.v'.
Parsing included file './../sim_model/flash/MT25QL128ABA1E0_VG13/include/DevParam.h'.
Parsing included file './../sim_model/flash/MT25QL128ABA1E0_VG13/include/UserData.h'.
Back to file './../sim_model/flash/MT25QL128ABA1E0_VG13/include/DevParam.h'.
Parsing included file './../sim_model/flash/MT25QL128ABA1E0_VG13/include/TimingData.h'.
Back to file './../sim_model/flash/MT25QL128ABA1E0_VG13/include/DevParam.h'.
Back to file './../sim_model/flash/MT25QL128ABA1E0_VG13/code/N25Qxxx.v'.
Parsing included file './../sim_model/flash/MT25QL128ABA1E0_VG13/include/DevParam.h'.
Parsing included file './../sim_model/flash/MT25QL128ABA1E0_VG13/include/UserData.h'.
Back to file './../sim_model/flash/MT25QL128ABA1E0_VG13/include/DevParam.h'.
Parsing included file './../sim_model/flash/MT25QL128ABA1E0_VG13/include/TimingData.h'.
Back to file './../sim_model/flash/MT25QL128ABA1E0_VG13/include/DevParam.h'.
Back to file './../sim_model/flash/MT25QL128ABA1E0_VG13/code/N25Qxxx.v'.
Parsing design file './../tb/tb_qspi_flash.sv'
Parsing included file './../sim_model/flash/MT25QL128ABA1E0_VG13/include/UserData.h'.
Back to file './../tb/tb_qspi_flash.sv'.
Parsing included file './../sim_model/flash/MT25QL128ABA1E0_VG13/include/DevParam.h'.
Parsing included file './../sim_model/flash/MT25QL128ABA1E0_VG13/include/UserData.h'.
Back to file './../sim_model/flash/MT25QL128ABA1E0_VG13/include/DevParam.h'.
Parsing included file './../sim_model/flash/MT25QL128ABA1E0_VG13/include/TimingData.h'.
Back to file './../sim_model/flash/MT25QL128ABA1E0_VG13/include/DevParam.h'.
Back to file './../tb/tb_qspi_flash.sv'.
CPU time: .239 seconds to compile
